timestamp: 2013-09-24T13:02:18.565000
CREATE TABLE auth_user(
    id INTEGER PRIMARY KEY AUTOINCREMENT,
    first_name CHAR(128),
    last_name CHAR(128),
    email CHAR(512),
    password CHAR(512),
    registration_key CHAR(512),
    reset_password_key CHAR(512),
    registration_id CHAR(512)
);
success!
timestamp: 2013-09-24T13:02:18.636000
CREATE TABLE auth_group(
    id INTEGER PRIMARY KEY AUTOINCREMENT,
    role CHAR(512),
    description TEXT
);
success!
timestamp: 2013-09-24T13:02:18.657000
CREATE TABLE auth_membership(
    id INTEGER PRIMARY KEY AUTOINCREMENT,
    user_id INTEGER REFERENCES auth_user (id) ON DELETE CASCADE,
    group_id INTEGER REFERENCES auth_group (id) ON DELETE CASCADE
);
success!
timestamp: 2013-09-24T13:02:18.690000
CREATE TABLE auth_permission(
    id INTEGER PRIMARY KEY AUTOINCREMENT,
    group_id INTEGER REFERENCES auth_group (id) ON DELETE CASCADE,
    name CHAR(512),
    table_name CHAR(512),
    record_id INTEGER
);
success!
timestamp: 2013-09-24T13:02:18.714000
CREATE TABLE auth_event(
    id INTEGER PRIMARY KEY AUTOINCREMENT,
    time_stamp TIMESTAMP,
    client_ip CHAR(512),
    user_id INTEGER REFERENCES auth_user (id) ON DELETE CASCADE,
    origin CHAR(512),
    description TEXT
);
success!
timestamp: 2013-09-24T13:02:18.738000
CREATE TABLE auth_cas(
    id INTEGER PRIMARY KEY AUTOINCREMENT,
    user_id INTEGER REFERENCES auth_user (id) ON DELETE CASCADE,
    created_on TIMESTAMP,
    service CHAR(512),
    ticket CHAR(512),
    renew CHAR(1)
);
success!
timestamp: 2013-09-25T15:29:22.667000
CREATE TABLE user_interests(
    id INTEGER PRIMARY KEY AUTOINCREMENT,
    user_id INTEGER REFERENCES auth_user (id) ON DELETE CASCADE,
    Science CHAR(1),
    Arts CHAR(1),
    BusinessEconomy CHAR(1),
    ComputersTechnology CHAR(1),
    Health CHAR(1),
    HomeDomesticLife CHAR(1),
    News CHAR(1),
    RecreationActivities CHAR(1),
    ReferenceEducation CHAR(1),
    Shopping CHAR(1),
    Society CHAR(1),
    Sports CHAR(1)
);
success!
timestamp: 2013-09-25T15:29:22.906000
CREATE TABLE user_likes(
    id INTEGER PRIMARY KEY AUTOINCREMENT,
    user_id INTEGER REFERENCES auth_user (id) ON DELETE CASCADE,
    Science INTEGER,
    Arts INTEGER,
    BusinessEconomy INTEGER,
    ComputersTechnology INTEGER,
    Health INTEGER,
    HomeDomesticLife INTEGER,
    News INTEGER,
    RecreationActivities INTEGER,
    ReferenceEducation INTEGER,
    Shopping INTEGER,
    Society INTEGER,
    Sports INTEGER
);
success!
timestamp: 2013-09-25T15:29:22.928000
CREATE TABLE user_post(
    id INTEGER PRIMARY KEY AUTOINCREMENT,
    posted_by_user INTEGER REFERENCES auth_user (id) ON DELETE CASCADE,
    liked_by_user TEXT,
    topic CHAR(512),
    url CHAR(512),
    description CHAR(512)
);
success!
timestamp: 2013-09-25T15:29:22.951000
CREATE TABLE model_posts(
    id INTEGER PRIMARY KEY AUTOINCREMENT,
    link CHAR(512),
    description CHAR(512),
    topic CHAR(512)
);
success!
timestamp: 2013-09-25T15:29:22.972000
CREATE TABLE user_clusters(
    id INTEGER PRIMARY KEY AUTOINCREMENT,
    user_id INTEGER REFERENCES auth_user (id) ON DELETE CASCADE,
    cluster_id CHAR(512)
);
success!
timestamp: 2014-04-24T19:42:00.810652
ALTER TABLE auth_user ADD username CHAR(128);
timestamp: 2014-04-27T16:25:02.790047
CREATE TABLE scheduler_task(
    id INTEGER PRIMARY KEY AUTOINCREMENT,
    application_name CHAR(512),
    task_name CHAR(512),
    group_name CHAR(512),
    status CHAR(512),
    function_name CHAR(512),
    uuid CHAR(512) UNIQUE,
    args TEXT,
    vars TEXT,
    enabled CHAR(1),
    start_time TIMESTAMP,
    next_run_time TIMESTAMP,
    stop_time TIMESTAMP,
    repeats INTEGER,
    retry_failed INTEGER,
    period INTEGER,
    timeout INTEGER,
    sync_output INTEGER,
    times_run INTEGER,
    times_failed INTEGER,
    last_run_time TIMESTAMP,
    assigned_worker_name CHAR(512)
);
success!
timestamp: 2014-04-27T16:25:02.813444
CREATE TABLE scheduler_run(
    id INTEGER PRIMARY KEY AUTOINCREMENT,
    task_id INTEGER REFERENCES scheduler_task (id) ON DELETE CASCADE,
    status CHAR(512),
    start_time TIMESTAMP,
    stop_time TIMESTAMP,
    run_output TEXT,
    run_result TEXT,
    traceback TEXT,
    worker_name CHAR(512)
);
success!
timestamp: 2014-04-27T16:25:02.829402
CREATE TABLE scheduler_worker(
    id INTEGER PRIMARY KEY AUTOINCREMENT,
    worker_name CHAR(512) UNIQUE,
    first_heartbeat TIMESTAMP,
    last_heartbeat TIMESTAMP,
    status CHAR(512),
    is_ticker CHAR(1),
    group_names TEXT
);
success!
timestamp: 2014-04-27T18:17:00.894632
CREATE TABLE knnRef(
    id INTEGER PRIMARY KEY AUTOINCREMENT,
    cluster_id CHAR(512),
    Science DOUBLE,
    Arts DOUBLE,
    BusinessEconomy DOUBLE,
    ComputersTechnology DOUBLE,
    Health DOUBLE,
    HomeDomesticLife DOUBLE,
    News DOUBLE,
    RecreationActivities DOUBLE,
    ReferenceEducation DOUBLE,
    Shopping DOUBLE,
    Society DOUBLE,
    Sports DOUBLE
);
success!
